  1005K次取反后最大化的数组和.cpp
D:\GitHub\LeetCode-master\LeetCodeString\LeetCodeString\1005K次取反后最大化的数组和.cpp(27,12): warning C4018: “<”: 有符号/无符号不匹配
  100相同的树.cpp
D:\GitHub\LeetCode-master\LeetCodeString\LeetCodeString\100相同的树.cpp(1,1): warning C4819: 该文件包含不能在当前代码页(936)中表示的字符。请将该文件保存为 Unicode 格式以防止数据丢失
  101对称二叉树.cpp
D:\GitHub\LeetCode-master\LeetCodeString\LeetCodeString\101对称二叉树.cpp(1,1): warning C4819: 该文件包含不能在当前代码页(936)中表示的字符。请将该文件保存为 Unicode 格式以防止数据丢失
  102二叉树的层序遍历.cpp
D:\GitHub\LeetCode-master\LeetCodeString\LeetCodeString\102二叉树的层序遍历.cpp(1,1): warning C4819: 该文件包含不能在当前代码页(936)中表示的字符。请将该文件保存为 Unicode 格式以防止数据丢失
D:\GitHub\LeetCode-master\LeetCodeString\LeetCodeString\102二叉树的层序遍历.cpp(39,19): warning C4018: “<”: 有符号/无符号不匹配
  103二叉树的锯齿形层序遍历.cpp
D:\GitHub\LeetCode-master\LeetCodeString\LeetCodeString\103二叉树的锯齿形层序遍历.cpp(1,1): warning C4819: 该文件包含不能在当前代码页(936)中表示的字符。请将该文件保存为 Unicode 格式以防止数据丢失
D:\GitHub\LeetCode-master\LeetCodeString\LeetCodeString\103二叉树的锯齿形层序遍历.cpp(32,27): warning C4018: “<”: 有符号/无符号不匹配
D:\GitHub\LeetCode-master\LeetCodeString\LeetCodeString\103二叉树的锯齿形层序遍历.cpp(47,19): warning C4018: “<”: 有符号/无符号不匹配
  1047删除字符串中的重复项.cpp
D:\GitHub\LeetCode-master\LeetCodeString\LeetCodeString\1047删除字符串中的重复项.cpp(1,1): warning C4819: 该文件包含不能在当前代码页(936)中表示的字符。请将该文件保存为 Unicode 格式以防止数据丢失
  1049最后一块石头的重量Ⅱ.cpp
D:\GitHub\LeetCode-master\LeetCodeString\LeetCodeString\1049最后一块石头的重量Ⅱ.cpp(1,1): warning C4819: 该文件包含不能在当前代码页(936)中表示的字符。请将该文件保存为 Unicode 格式以防止数据丢失
D:\GitHub\LeetCode-master\LeetCodeString\LeetCodeString\1049最后一块石头的重量Ⅱ.cpp(31,21): warning C4018: “<”: 有符号/无符号不匹配
  104二叉树的最大深度.cpp
D:\GitHub\LeetCode-master\LeetCodeString\LeetCodeString\104二叉树的最大深度.cpp(1,1): warning C4819: 该文件包含不能在当前代码页(936)中表示的字符。请将该文件保存为 Unicode 格式以防止数据丢失
  105从前序与中序遍历序列构造二叉树.cpp
D:\GitHub\LeetCode-master\LeetCodeString\LeetCodeString\105从前序与中序遍历序列构造二叉树.cpp(1,1): warning C4819: 该文件包含不能在当前代码页(936)中表示的字符。请将该文件保存为 Unicode 格式以防止数据丢失
  106从中序与后序遍历序列构造二叉树.cpp
D:\GitHub\LeetCode-master\LeetCodeString\LeetCodeString\106从中序与后序遍历序列构造二叉树.cpp(1,1): warning C4819: 该文件包含不能在当前代码页(936)中表示的字符。请将该文件保存为 Unicode 格式以防止数据丢失
D:\GitHub\LeetCode-master\LeetCodeString\LeetCodeString\106从中序与后序遍历序列构造二叉树.cpp(37,49): warning C4018: “<”: 有符号/无符号不匹配
  107二叉树层序遍历Ⅱ.cpp
D:\GitHub\LeetCode-master\LeetCodeString\LeetCodeString\107二叉树层序遍历Ⅱ.cpp(1,1): warning C4819: 该文件包含不能在当前代码页(936)中表示的字符。请将该文件保存为 Unicode 格式以防止数据丢失
D:\GitHub\LeetCode-master\LeetCodeString\LeetCodeString\107二叉树层序遍历Ⅱ.cpp(36,19): warning C4018: “<”: 有符号/无符号不匹配
  108将有序数组转为二叉搜索树.cpp
D:\GitHub\LeetCode-master\LeetCodeString\LeetCodeString\108将有序数组转为二叉搜索树.cpp(1,1): warning C4819: 该文件包含不能在当前代码页(936)中表示的字符。请将该文件保存为 Unicode 格式以防止数据丢失
D:\GitHub\LeetCode-master\LeetCodeString\LeetCodeString\108将有序数组转为二叉搜索树.cpp(42,27): warning C4018: “<”: 有符号/无符号不匹配
D:\GitHub\LeetCode-master\LeetCodeString\LeetCodeString\108将有序数组转为二叉搜索树.cpp(47,49): warning C4018: “<”: 有符号/无符号不匹配
  109有序链表转二叉搜索树.cpp
D:\GitHub\LeetCode-master\LeetCodeString\LeetCodeString\109有序链表转二叉搜索树.cpp(1,1): warning C4819: 该文件包含不能在当前代码页(936)中表示的字符。请将该文件保存为 Unicode 格式以防止数据丢失
  110平衡二叉树.cpp
D:\GitHub\LeetCode-master\LeetCodeString\LeetCodeString\110平衡二叉树.cpp(1,1): warning C4819: 该文件包含不能在当前代码页(936)中表示的字符。请将该文件保存为 Unicode 格式以防止数据丢失
  111二叉树的最小深度.cpp
D:\GitHub\LeetCode-master\LeetCodeString\LeetCodeString\111二叉树的最小深度.cpp(1,1): warning C4819: 该文件包含不能在当前代码页(936)中表示的字符。请将该文件保存为 Unicode 格式以防止数据丢失
D:\GitHub\LeetCode-master\LeetCodeString\LeetCodeString\111二叉树的最小深度.cpp(58,16): error C2011: “Solution”:“class”类型重定义
  D:\GitHub\LeetCode-master\LeetCodeString\LeetCodeString\111二叉树的最小深度.cpp(34,7):
  参见“Solution”的声明
  
  112路径总和.cpp
D:\GitHub\LeetCode-master\LeetCodeString\LeetCodeString\112路径总和.cpp(1,1): warning C4819: 该文件包含不能在当前代码页(936)中表示的字符。请将该文件保存为 Unicode 格式以防止数据丢失
  114二叉树展开为链表.cpp
D:\GitHub\LeetCode-master\LeetCodeString\LeetCodeString\114二叉树展开为链表.cpp(1,1): warning C4819: 该文件包含不能在当前代码页(936)中表示的字符。请将该文件保存为 Unicode 格式以防止数据丢失
  116填充每一个节点的下一个右侧节点指针.cpp
D:\GitHub\LeetCode-master\LeetCodeString\LeetCodeString\116填充每一个节点的下一个右侧节点指针.cpp(1,1): warning C4819: 该文件包含不能在当前代码页(936)中表示的字符。请将该文件保存为 Unicode 格式以防止数据丢失
D:\GitHub\LeetCode-master\LeetCodeString\LeetCodeString\116填充每一个节点的下一个右侧节点指针.cpp(101,27): warning C4018: “<”: 有符号/无符号不匹配
D:\GitHub\LeetCode-master\LeetCodeString\LeetCodeString\116填充每一个节点的下一个右侧节点指针.cpp(103,31): warning C4018: “<”: 有符号/无符号不匹配
D:\GitHub\LeetCode-master\LeetCodeString\LeetCodeString\116填充每一个节点的下一个右侧节点指针.cpp(117,19): warning C4018: “<”: 有符号/无符号不匹配
  117填充每一个节点的下一个右侧节点指针Ⅱ.cpp
D:\GitHub\LeetCode-master\LeetCodeString\LeetCodeString\117填充每一个节点的下一个右侧节点指针Ⅱ.cpp(1,1): warning C4819: 该文件包含不能在当前代码页(936)中表示的字符。请将该文件保存为 Unicode 格式以防止数据丢失
D:\GitHub\LeetCode-master\LeetCodeString\LeetCodeString\117填充每一个节点的下一个右侧节点指针Ⅱ.cpp(50,27): warning C4018: “<”: 有符号/无符号不匹配
D:\GitHub\LeetCode-master\LeetCodeString\LeetCodeString\117填充每一个节点的下一个右侧节点指针Ⅱ.cpp(52,31): warning C4018: “<”: 有符号/无符号不匹配
D:\GitHub\LeetCode-master\LeetCodeString\LeetCodeString\117填充每一个节点的下一个右侧节点指针Ⅱ.cpp(66,19): warning C4018: “<”: 有符号/无符号不匹配
  118杨辉三角.cpp
D:\GitHub\LeetCode-master\LeetCodeString\LeetCodeString\118杨辉三角.cpp(1,1): warning C4819: 该文件包含不能在当前代码页(936)中表示的字符。请将该文件保存为 Unicode 格式以防止数据丢失
D:\GitHub\LeetCode-master\LeetCodeString\LeetCodeString\118杨辉三角.cpp(27,22): warning C4018: “<=”: 有符号/无符号不匹配
D:\GitHub\LeetCode-master\LeetCodeString\LeetCodeString\118杨辉三角.cpp(34,10): warning C4018: “<”: 有符号/无符号不匹配
  正在生成代码...
  正在编译...
  11盛最多水的容器.cpp
D:\GitHub\LeetCode-master\LeetCodeString\LeetCodeString\11盛最多水的容器.cpp(1,1): warning C4819: 该文件包含不能在当前代码页(936)中表示的字符。请将该文件保存为 Unicode 格式以防止数据丢失
  121买卖股票的最佳时机.cpp
D:\GitHub\LeetCode-master\LeetCodeString\LeetCodeString\121买卖股票的最佳时机.cpp(1,1): warning C4819: 该文件包含不能在当前代码页(936)中表示的字符。请将该文件保存为 Unicode 格式以防止数据丢失
  122买卖股票的最佳时机Ⅱ.cpp
D:\GitHub\LeetCode-master\LeetCodeString\LeetCodeString\122买卖股票的最佳时机Ⅱ.cpp(1,1): warning C4819: 该文件包含不能在当前代码页(936)中表示的字符。请将该文件保存为 Unicode 格式以防止数据丢失
D:\GitHub\LeetCode-master\LeetCodeString\LeetCodeString\122买卖股票的最佳时机Ⅱ.cpp(25,21): warning C4018: “<”: 有符号/无符号不匹配
  128最长连续序列.cpp
  12整数转罗马数字.cpp
D:\GitHub\LeetCode-master\LeetCodeString\LeetCodeString\12整数转罗马数字.cpp(1,1): warning C4819: 该文件包含不能在当前代码页(936)中表示的字符。请将该文件保存为 Unicode 格式以防止数据丢失
D:\GitHub\LeetCode-master\LeetCodeString\LeetCodeString\12整数转罗马数字.cpp(53,21): warning C4018: “<”: 有符号/无符号不匹配
  131分割回文串.cpp
D:\GitHub\LeetCode-master\LeetCodeString\LeetCodeString\131分割回文串.cpp(1,1): warning C4819: 该文件包含不能在当前代码页(936)中表示的字符。请将该文件保存为 Unicode 格式以防止数据丢失
D:\GitHub\LeetCode-master\LeetCodeString\LeetCodeString\131分割回文串.cpp(42,25): warning C4018: “<”: 有符号/无符号不匹配
  134加油站.cpp
D:\GitHub\LeetCode-master\LeetCodeString\LeetCodeString\134加油站.cpp(25,21): warning C4018: “<”: 有符号/无符号不匹配
D:\GitHub\LeetCode-master\LeetCodeString\LeetCodeString\134加油站.cpp(47,21): warning C4018: “<”: 有符号/无符号不匹配
  135分发糖果.cpp
D:\GitHub\LeetCode-master\LeetCodeString\LeetCodeString\135分发糖果.cpp(28,21): warning C4018: “<”: 有符号/无符号不匹配
  136只出现一次的数字.cpp
D:\GitHub\LeetCode-master\LeetCodeString\LeetCodeString\136只出现一次的数字.cpp(1,1): warning C4819: 该文件包含不能在当前代码页(936)中表示的字符。请将该文件保存为 Unicode 格式以防止数据丢失
D:\GitHub\LeetCode-master\LeetCodeString\LeetCodeString\136只出现一次的数字.cpp(16,21): warning C4018: “<”: 有符号/无符号不匹配
  138随机链表的复制.cpp
D:\GitHub\LeetCode-master\LeetCodeString\LeetCodeString\138随机链表的复制.cpp(1,1): warning C4819: 该文件包含不能在当前代码页(936)中表示的字符。请将该文件保存为 Unicode 格式以防止数据丢失
  13罗马数字转整数.cpp
D:\GitHub\LeetCode-master\LeetCodeString\LeetCodeString\13罗马数字转整数.cpp(1,1): warning C4819: 该文件包含不能在当前代码页(936)中表示的字符。请将该文件保存为 Unicode 格式以防止数据丢失
  141环形链表.cpp
D:\GitHub\LeetCode-master\LeetCodeString\LeetCodeString\141环形链表.cpp(1,1): warning C4819: 该文件包含不能在当前代码页(936)中表示的字符。请将该文件保存为 Unicode 格式以防止数据丢失
  142环形链表Ⅱ.cpp
D:\GitHub\LeetCode-master\LeetCodeString\LeetCodeString\142环形链表Ⅱ.cpp(1,1): warning C4819: 该文件包含不能在当前代码页(936)中表示的字符。请将该文件保存为 Unicode 格式以防止数据丢失
  144二叉树的前序遍历.cpp
D:\GitHub\LeetCode-master\LeetCodeString\LeetCodeString\144二叉树的前序遍历.cpp(1,1): warning C4819: 该文件包含不能在当前代码页(936)中表示的字符。请将该文件保存为 Unicode 格式以防止数据丢失
  145二叉树的后序遍历.cpp
D:\GitHub\LeetCode-master\LeetCodeString\LeetCodeString\145二叉树的后序遍历.cpp(1,1): warning C4819: 该文件包含不能在当前代码页(936)中表示的字符。请将该文件保存为 Unicode 格式以防止数据丢失
  146LRU缓存.cpp
D:\GitHub\LeetCode-master\LeetCodeString\LeetCodeString\146LRU缓存.cpp(1,1): warning C4819: 该文件包含不能在当前代码页(936)中表示的字符。请将该文件保存为 Unicode 格式以防止数据丢失
D:\GitHub\LeetCode-master\LeetCodeString\LeetCodeString\146LRU缓存.cpp(70,29): warning C4018: “>”: 有符号/无符号不匹配
  148排序链表.cpp
D:\GitHub\LeetCode-master\LeetCodeString\LeetCodeString\148排序链表.cpp(1,1): warning C4819: 该文件包含不能在当前代码页(936)中表示的字符。请将该文件保存为 Unicode 格式以防止数据丢失
  150逆波兰表达式求值.cpp
D:\GitHub\LeetCode-master\LeetCodeString\LeetCodeString\150逆波兰表达式求值.cpp(1,1): warning C4819: 该文件包含不能在当前代码页(936)中表示的字符。请将该文件保存为 Unicode 格式以防止数据丢失
D:\GitHub\LeetCode-master\LeetCodeString\LeetCodeString\150逆波兰表达式求值.cpp(34,21): warning C4018: “<”: 有符号/无符号不匹配
  151反转字符串中的单词.cpp
D:\GitHub\LeetCode-master\LeetCodeString\LeetCodeString\151反转字符串中的单词.cpp(1,1): warning C4819: 该文件包含不能在当前代码页(936)中表示的字符。请将该文件保存为 Unicode 格式以防止数据丢失
  15三数之和.cpp
D:\GitHub\LeetCode-master\LeetCodeString\LeetCodeString\15三数之和.cpp(1,1): warning C4819: 该文件包含不能在当前代码页(936)中表示的字符。请将该文件保存为 Unicode 格式以防止数据丢失
D:\GitHub\LeetCode-master\LeetCodeString\LeetCodeString\15三数之和.cpp(33,21): warning C4018: “<”: 有符号/无符号不匹配
D:\GitHub\LeetCode-master\LeetCodeString\LeetCodeString\15三数之和.cpp(65,18): warning C4018: “<”: 有符号/无符号不匹配
  正在生成代码...
  正在编译...
  160相交链表.cpp
D:\GitHub\LeetCode-master\LeetCodeString\LeetCodeString\160相交链表.cpp(1,1): warning C4819: 该文件包含不能在当前代码页(936)中表示的字符。请将该文件保存为 Unicode 格式以防止数据丢失
  165比较版本号.cpp
  169多数元素.cpp
D:\GitHub\LeetCode-master\LeetCodeString\LeetCodeString\169多数元素.cpp(28,20): warning C4018: “>”: 有符号/无符号不匹配
  173二叉搜索树迭代器.cpp
D:\GitHub\LeetCode-master\LeetCodeString\LeetCodeString\173二叉搜索树迭代器.cpp(1,1): warning C4819: 该文件包含不能在当前代码页(936)中表示的字符。请将该文件保存为 Unicode 格式以防止数据丢失
  17电话号码的字母组合.cpp
D:\GitHub\LeetCode-master\LeetCodeString\LeetCodeString\17电话号码的字母组合.cpp(1,1): warning C4819: 该文件包含不能在当前代码页(936)中表示的字符。请将该文件保存为 Unicode 格式以防止数据丢失
D:\GitHub\LeetCode-master\LeetCodeString\LeetCodeString\17电话号码的字母组合.cpp(57,27): warning C4018: “<”: 有符号/无符号不匹配
D:\GitHub\LeetCode-master\LeetCodeString\LeetCodeString\17电话号码的字母组合.cpp(60,22): warning C4018: “<”: 有符号/无符号不匹配
  189轮转数组.cpp
  18四数之和.cpp
D:\GitHub\LeetCode-master\LeetCodeString\LeetCodeString\18四数之和.cpp(36,21): warning C4018: “<”: 有符号/无符号不匹配
D:\GitHub\LeetCode-master\LeetCodeString\LeetCodeString\18四数之和.cpp(43,26): warning C4018: “<”: 有符号/无符号不匹配
D:\GitHub\LeetCode-master\LeetCodeString\LeetCodeString\18四数之和.cpp(82,19): warning C4018: “<”: 有符号/无符号不匹配
  191位1的个数.cpp
D:\GitHub\LeetCode-master\LeetCodeString\LeetCodeString\191位1的个数.cpp(48,14): warning C4244: “初始化”: 从“ULONGLONG”转换到“DWORD”，可能丢失数据
D:\GitHub\LeetCode-master\LeetCodeString\LeetCodeString\191位1的个数.cpp(50,12): warning C4244: “初始化”: 从“ULONGLONG”转换到“DWORD”，可能丢失数据
D:\GitHub\LeetCode-master\LeetCodeString\LeetCodeString\191位1的个数.cpp(53,24): warning C4244: “=”: 从“ULONGLONG”转换到“DWORD”，可能丢失数据
D:\GitHub\LeetCode-master\LeetCodeString\LeetCodeString\191位1的个数.cpp(55,22): warning C4244: “=”: 从“ULONGLONG”转换到“DWORD”，可能丢失数据
D:\GitHub\LeetCode-master\LeetCodeString\LeetCodeString\191位1的个数.cpp(58,24): warning C4244: “=”: 从“ULONGLONG”转换到“DWORD”，可能丢失数据
D:\GitHub\LeetCode-master\LeetCodeString\LeetCodeString\191位1的个数.cpp(60,22): warning C4244: “=”: 从“ULONGLONG”转换到“DWORD”，可能丢失数据
  199二叉树的右视图.cpp
D:\GitHub\LeetCode-master\LeetCodeString\LeetCodeString\199二叉树的右视图.cpp(1,1): warning C4819: 该文件包含不能在当前代码页(936)中表示的字符。请将该文件保存为 Unicode 格式以防止数据丢失
D:\GitHub\LeetCode-master\LeetCodeString\LeetCodeString\199二叉树的右视图.cpp(79,18): warning C4018: “>=”: 有符号/无符号不匹配
  19删除链表的倒数第 N 个结点.cpp
D:\GitHub\LeetCode-master\LeetCodeString\LeetCodeString\19删除链表的倒数第 N 个结点.cpp(1,1): warning C4819: 该文件包含不能在当前代码页(936)中表示的字符。请将该文件保存为 Unicode 格式以防止数据丢失
  202快乐数.cpp
D:\GitHub\LeetCode-master\LeetCodeString\LeetCodeString\202快乐数.cpp(1,1): warning C4819: 该文件包含不能在当前代码页(936)中表示的字符。请将该文件保存为 Unicode 格式以防止数据丢失
D:\GitHub\LeetCode-master\LeetCodeString\LeetCodeString\202快乐数.cpp(30,15): warning C4244: “+=”: 从“double”转换到“long”，可能丢失数据
  203移除链表元素.cpp
D:\GitHub\LeetCode-master\LeetCodeString\LeetCodeString\203移除链表元素.cpp(1,1): warning C4819: 该文件包含不能在当前代码页(936)中表示的字符。请将该文件保存为 Unicode 格式以防止数据丢失
  206反转链表.cpp
  209长度最小的子数组.cpp
D:\GitHub\LeetCode-master\LeetCodeString\LeetCodeString\209长度最小的子数组.cpp(1,1): warning C4819: 该文件包含不能在当前代码页(936)中表示的字符。请将该文件保存为 Unicode 格式以防止数据丢失
D:\GitHub\LeetCode-master\LeetCodeString\LeetCodeString\209长度最小的子数组.cpp(32,21): warning C4018: “<”: 有符号/无符号不匹配
  214最短回文串.cpp
  216组合总和Ⅲ.cpp
D:\GitHub\LeetCode-master\LeetCodeString\LeetCodeString\216组合总和Ⅲ.cpp(1,1): warning C4819: 该文件包含不能在当前代码页(936)中表示的字符。请将该文件保存为 Unicode 格式以防止数据丢失
  21合并两个有序的链表.cpp
D:\GitHub\LeetCode-master\LeetCodeString\LeetCodeString\21合并两个有序的链表.cpp(1,1): warning C4819: 该文件包含不能在当前代码页(936)中表示的字符。请将该文件保存为 Unicode 格式以防止数据丢失
  222完全二叉树的节点个数.cpp
D:\GitHub\LeetCode-master\LeetCodeString\LeetCodeString\222完全二叉树的节点个数.cpp(1,1): warning C4819: 该文件包含不能在当前代码页(936)中表示的字符。请将该文件保存为 Unicode 格式以防止数据丢失
  225用队列实现栈.cpp
D:\GitHub\LeetCode-master\LeetCodeString\LeetCodeString\225用队列实现栈.cpp(1,1): warning C4819: 该文件包含不能在当前代码页(936)中表示的字符。请将该文件保存为 Unicode 格式以防止数据丢失
  226翻转二叉树.cpp
D:\GitHub\LeetCode-master\LeetCodeString\LeetCodeString\226翻转二叉树.cpp(1,1): warning C4819: 该文件包含不能在当前代码页(936)中表示的字符。请将该文件保存为 Unicode 格式以防止数据丢失
  正在生成代码...
  正在编译...
  22括号生成.cpp
D:\GitHub\LeetCode-master\LeetCodeString\LeetCodeString\22括号生成.cpp(59,21): warning C4018: “<”: 有符号/无符号不匹配
  230二叉搜索树中第K小的元素.cpp
  232用栈实现队列.cpp
D:\GitHub\LeetCode-master\LeetCodeString\LeetCodeString\232用栈实现队列.cpp(1,1): warning C4819: 该文件包含不能在当前代码页(936)中表示的字符。请将该文件保存为 Unicode 格式以防止数据丢失
  234回文链表.cpp
D:\GitHub\LeetCode-master\LeetCodeString\LeetCodeString\234回文链表.cpp(1,1): warning C4819: 该文件包含不能在当前代码页(936)中表示的字符。请将该文件保存为 Unicode 格式以防止数据丢失
  235二叉搜索树的最近公共祖先.cpp
D:\GitHub\LeetCode-master\LeetCodeString\LeetCodeString\235二叉搜索树的最近公共祖先.cpp(1,1): warning C4819: 该文件包含不能在当前代码页(936)中表示的字符。请将该文件保存为 Unicode 格式以防止数据丢失
  236二叉树的最近公共祖先.cpp
D:\GitHub\LeetCode-master\LeetCodeString\LeetCodeString\236二叉树的最近公共祖先.cpp(1,1): warning C4819: 该文件包含不能在当前代码页(936)中表示的字符。请将该文件保存为 Unicode 格式以防止数据丢失
  237删除链表中的节点.cpp
D:\GitHub\LeetCode-master\LeetCodeString\LeetCodeString\237删除链表中的节点.cpp(1,1): warning C4819: 该文件包含不能在当前代码页(936)中表示的字符。请将该文件保存为 Unicode 格式以防止数据丢失
  238除自身以外的数组的乘积.cpp
D:\GitHub\LeetCode-master\LeetCodeString\LeetCodeString\238除自身以外的数组的乘积.cpp(23,21): warning C4018: “<”: 有符号/无符号不匹配
D:\GitHub\LeetCode-master\LeetCodeString\LeetCodeString\238除自身以外的数组的乘积.cpp(28,21): warning C4018: “<”: 有符号/无符号不匹配
D:\GitHub\LeetCode-master\LeetCodeString\LeetCodeString\238除自身以外的数组的乘积.cpp(33,21): warning C4018: “<”: 有符号/无符号不匹配
  239滑动窗口的最大值.cpp
D:\GitHub\LeetCode-master\LeetCodeString\LeetCodeString\239滑动窗口的最大值.cpp(1,1): warning C4819: 该文件包含不能在当前代码页(936)中表示的字符。请将该文件保存为 Unicode 格式以防止数据丢失
D:\GitHub\LeetCode-master\LeetCodeString\LeetCodeString\239滑动窗口的最大值.cpp(38,21): warning C4018: “<”: 有符号/无符号不匹配
D:\GitHub\LeetCode-master\LeetCodeString\LeetCodeString\239滑动窗口的最大值.cpp(114,21): warning C4018: “<”: 有符号/无符号不匹配
  242有效的字母异位词.cpp
D:\GitHub\LeetCode-master\LeetCodeString\LeetCodeString\242有效的字母异位词.cpp(1,1): warning C4819: 该文件包含不能在当前代码页(936)中表示的字符。请将该文件保存为 Unicode 格式以防止数据丢失
  24两两交换链表中的结点.cpp
D:\GitHub\LeetCode-master\LeetCodeString\LeetCodeString\24两两交换链表中的结点.cpp(1,1): warning C4819: 该文件包含不能在当前代码页(936)中表示的字符。请将该文件保存为 Unicode 格式以防止数据丢失
  257二叉树的所有路径.cpp
D:\GitHub\LeetCode-master\LeetCodeString\LeetCodeString\257二叉树的所有路径.cpp(1,1): warning C4819: 该文件包含不能在当前代码页(936)中表示的字符。请将该文件保存为 Unicode 格式以防止数据丢失
  283移动零.cpp
D:\GitHub\LeetCode-master\LeetCodeString\LeetCodeString\283移动零.cpp(1,1): warning C4819: 该文件包含不能在当前代码页(936)中表示的字符。请将该文件保存为 Unicode 格式以防止数据丢失
D:\GitHub\LeetCode-master\LeetCodeString\LeetCodeString\283移动零.cpp(16,15): warning C4018: “<”: 有符号/无符号不匹配
D:\GitHub\LeetCode-master\LeetCodeString\LeetCodeString\283移动零.cpp(28,24): warning C4018: “<”: 有符号/无符号不匹配
  28找出字符串中第一个匹配项的下标.cpp
D:\GitHub\LeetCode-master\LeetCodeString\LeetCodeString\28找出字符串中第一个匹配项的下标.cpp(1,1): warning C4819: 该文件包含不能在当前代码页(936)中表示的字符。请将该文件保存为 Unicode 格式以防止数据丢失
  299猜数字游戏.cpp
D:\GitHub\LeetCode-master\LeetCodeString\LeetCodeString\299猜数字游戏.cpp(1,1): warning C4819: 该文件包含不能在当前代码页(936)中表示的字符。请将该文件保存为 Unicode 格式以防止数据丢失
  2两数相加.cpp
D:\GitHub\LeetCode-master\LeetCodeString\LeetCodeString\2两数相加.cpp(1,1): warning C4819: 该文件包含不能在当前代码页(936)中表示的字符。请将该文件保存为 Unicode 格式以防止数据丢失
D:\GitHub\LeetCode-master\LeetCodeString\LeetCodeString\2两数相加.cpp(38,21): warning C4018: “<”: 有符号/无符号不匹配
D:\GitHub\LeetCode-master\LeetCodeString\LeetCodeString\2两数相加.cpp(58,49): warning C4018: “<”: 有符号/无符号不匹配
D:\GitHub\LeetCode-master\LeetCodeString\LeetCodeString\2两数相加.cpp(82,21): warning C4018: “<”: 有符号/无符号不匹配
  332重新安排行程.cpp
D:\GitHub\LeetCode-master\LeetCodeString\LeetCodeString\332重新安排行程.cpp(35,22): warning C4018: “<”: 有符号/无符号不匹配
D:\GitHub\LeetCode-master\LeetCodeString\LeetCodeString\332重新安排行程.cpp(49,23): warning C4018: “<”: 有符号/无符号不匹配
D:\GitHub\LeetCode-master\LeetCodeString\LeetCodeString\332重新安排行程.cpp(63,23): warning C4018: “<”: 有符号/无符号不匹配
  343整数拆分.cpp
D:\GitHub\LeetCode-master\LeetCodeString\LeetCodeString\343整数拆分.cpp(37,14): warning C4244: “return”: 从“double”转换到“int”，可能丢失数据
D:\GitHub\LeetCode-master\LeetCodeString\LeetCodeString\343整数拆分.cpp(39,29): warning C4244: “return”: 从“double”转换到“int”，可能丢失数据
D:\GitHub\LeetCode-master\LeetCodeString\LeetCodeString\343整数拆分.cpp(41,25): warning C4244: “return”: 从“double”转换到“int”，可能丢失数据
  344_反转字符串.cpp
  347前K个高频元素.cpp
D:\GitHub\LeetCode-master\LeetCodeString\LeetCodeString\347前K个高频元素.cpp(1,1): warning C4819: 该文件包含不能在当前代码页(936)中表示的字符。请将该文件保存为 Unicode 格式以防止数据丢失
  正在生成代码...
  正在编译...
  349两个数组的交集.cpp
D:\GitHub\LeetCode-master\LeetCodeString\LeetCodeString\349两个数组的交集.cpp(1,1): warning C4819: 该文件包含不能在当前代码页(936)中表示的字符。请将该文件保存为 Unicode 格式以防止数据丢失
  35搜索插入位置.cpp
D:\GitHub\LeetCode-master\LeetCodeString\LeetCodeString\35搜索插入位置.cpp(1,1): warning C4819: 该文件包含不能在当前代码页(936)中表示的字符。请将该文件保存为 Unicode 格式以防止数据丢失
  376摆动序列.cpp
D:\GitHub\LeetCode-master\LeetCodeString\LeetCodeString\376摆动序列.cpp(33,21): warning C4018: “<”: 有符号/无符号不匹配
D:\GitHub\LeetCode-master\LeetCodeString\LeetCodeString\376摆动序列.cpp(43,21): warning C4018: “<”: 有符号/无符号不匹配
  37解数独.cpp
D:\GitHub\LeetCode-master\LeetCodeString\LeetCodeString\37解数独.cpp(1,1): warning C4819: 该文件包含不能在当前代码页(936)中表示的字符。请将该文件保存为 Unicode 格式以防止数据丢失
D:\GitHub\LeetCode-master\LeetCodeString\LeetCodeString\37解数独.cpp(34,27): warning C4018: “<”: 有符号/无符号不匹配
D:\GitHub\LeetCode-master\LeetCodeString\LeetCodeString\37解数独.cpp(36,31): warning C4018: “<”: 有符号/无符号不匹配
D:\GitHub\LeetCode-master\LeetCodeString\LeetCodeString\37解数独.cpp(60,27): warning C4018: “<”: 有符号/无符号不匹配
D:\GitHub\LeetCode-master\LeetCodeString\LeetCodeString\37解数独.cpp(66,27): warning C4018: “<”: 有符号/无符号不匹配
D:\GitHub\LeetCode-master\LeetCodeString\LeetCodeString\37解数独.cpp(90,27): warning C4018: “<”: 有符号/无符号不匹配
D:\GitHub\LeetCode-master\LeetCodeString\LeetCodeString\37解数独.cpp(91,31): warning C4018: “<”: 有符号/无符号不匹配
  383赎金信.cpp
D:\GitHub\LeetCode-master\LeetCodeString\LeetCodeString\383赎金信.cpp(1,1): warning C4819: 该文件包含不能在当前代码页(936)中表示的字符。请将该文件保存为 Unicode 格式以防止数据丢失
  387字符串中的第一个唯一字符.cpp
D:\GitHub\LeetCode-master\LeetCodeString\LeetCodeString\387字符串中的第一个唯一字符.cpp(1,1): warning C4819: 该文件包含不能在当前代码页(936)中表示的字符。请将该文件保存为 Unicode 格式以防止数据丢失
D:\GitHub\LeetCode-master\LeetCodeString\LeetCodeString\387字符串中的第一个唯一字符.cpp(15,21): warning C4018: “<”: 有符号/无符号不匹配
  389找不同.cpp
D:\GitHub\LeetCode-master\LeetCodeString\LeetCodeString\389找不同.cpp(1,1): warning C4819: 该文件包含不能在当前代码页(936)中表示的字符。请将该文件保存为 Unicode 格式以防止数据丢失
  38外观数列.cpp
D:\GitHub\LeetCode-master\LeetCodeString\LeetCodeString\38外观数列.cpp(46,21): warning C4018: “<=”: 有符号/无符号不匹配
  39组合总和.cpp
D:\GitHub\LeetCode-master\LeetCodeString\LeetCodeString\39组合总和.cpp(1,1): warning C4819: 该文件包含不能在当前代码页(936)中表示的字符。请将该文件保存为 Unicode 格式以防止数据丢失
D:\GitHub\LeetCode-master\LeetCodeString\LeetCodeString\39组合总和.cpp(40,25): warning C4018: “<”: 有符号/无符号不匹配
  3无重复字符的最长子串.cpp
D:\GitHub\LeetCode-master\LeetCodeString\LeetCodeString\3无重复字符的最长子串.cpp(43,21): warning C4018: “<”: 有符号/无符号不匹配
  404左叶子之和.cpp
D:\GitHub\LeetCode-master\LeetCodeString\LeetCodeString\404左叶子之和.cpp(1,1): warning C4819: 该文件包含不能在当前代码页(936)中表示的字符。请将该文件保存为 Unicode 格式以防止数据丢失
  406根据身高重建队列.cpp
  40组合总和Ⅱ.cpp
D:\GitHub\LeetCode-master\LeetCodeString\LeetCodeString\40组合总和Ⅱ.cpp(57,29): warning C4018: “<”: 有符号/无符号不匹配
D:\GitHub\LeetCode-master\LeetCodeString\LeetCodeString\40组合总和Ⅱ.cpp(80,18): warning C4018: “<”: 有符号/无符号不匹配
D:\GitHub\LeetCode-master\LeetCodeString\LeetCodeString\40组合总和Ⅱ.cpp(108,30): warning C4018: “<”: 有符号/无符号不匹配
  412FizzBuzz.cpp
D:\GitHub\LeetCode-master\LeetCodeString\LeetCodeString\412FizzBuzz.cpp(1,1): warning C4819: 该文件包含不能在当前代码页(936)中表示的字符。请将该文件保存为 Unicode 格式以防止数据丢失
  416分割等和子集.cpp
D:\GitHub\LeetCode-master\LeetCodeString\LeetCodeString\416分割等和子集.cpp(22,16): warning C4244: “初始化”: 从“_Ty”转换到“float”，可能丢失数据
D:\GitHub\LeetCode-master\LeetCodeString\LeetCodeString\416分割等和子集.cpp(22,16): warning C4244:         with
D:\GitHub\LeetCode-master\LeetCodeString\LeetCodeString\416分割等和子集.cpp(22,16): warning C4244:         [
D:\GitHub\LeetCode-master\LeetCodeString\LeetCodeString\416分割等和子集.cpp(22,16): warning C4244:             _Ty=double
D:\GitHub\LeetCode-master\LeetCodeString\LeetCodeString\416分割等和子集.cpp(22,16): warning C4244:         ]
D:\GitHub\LeetCode-master\LeetCodeString\LeetCodeString\416分割等和子集.cpp(26,15): warning C4018: “<”: 有符号/无符号不匹配
D:\GitHub\LeetCode-master\LeetCodeString\LeetCodeString\416分割等和子集.cpp(59,21): warning C4018: “<”: 有符号/无符号不匹配
  423从英文中重建数字.cpp
D:\GitHub\LeetCode-master\LeetCodeString\LeetCodeString\423从英文中重建数字.cpp(34,21): warning C4018: “<”: 有符号/无符号不匹配
D:\GitHub\LeetCode-master\LeetCodeString\LeetCodeString\423从英文中重建数字.cpp(40,21): warning C4018: “<”: 有符号/无符号不匹配
D:\GitHub\LeetCode-master\LeetCodeString\LeetCodeString\423从英文中重建数字.cpp(101,22): warning C4018: “<”: 有符号/无符号不匹配
  429N叉树的层序遍历.cpp
D:\GitHub\LeetCode-master\LeetCodeString\LeetCodeString\429N叉树的层序遍历.cpp(1,1): warning C4819: 该文件包含不能在当前代码页(936)中表示的字符。请将该文件保存为 Unicode 格式以防止数据丢失
D:\GitHub\LeetCode-master\LeetCodeString\LeetCodeString\429N叉树的层序遍历.cpp(49,19): warning C4018: “<”: 有符号/无符号不匹配
D:\GitHub\LeetCode-master\LeetCodeString\LeetCodeString\429N叉树的层序遍历.cpp(60,27): warning C4018: “<”: 有符号/无符号不匹配
  430扁平化多级双向链表.cpp
  435无重叠区间.cpp
D:\GitHub\LeetCode-master\LeetCodeString\LeetCodeString\435无重叠区间.cpp(35,21): warning C4018: “<”: 有符号/无符号不匹配
  437路经总和Ⅲ.cpp
D:\GitHub\LeetCode-master\LeetCodeString\LeetCodeString\437路经总和Ⅲ.cpp(1,1): warning C4819: 该文件包含不能在当前代码页(936)中表示的字符。请将该文件保存为 Unicode 格式以防止数据丢失
  正在生成代码...
  正在编译...
  438找到字符串中所有字母的异位词.cpp
D:\GitHub\LeetCode-master\LeetCodeString\LeetCodeString\438找到字符串中所有字母的异位词.cpp(32,21): warning C4018: “<=”: 有符号/无符号不匹配
  443压缩字符串.cpp
D:\GitHub\LeetCode-master\LeetCodeString\LeetCodeString\443压缩字符串.cpp(1,1): warning C4819: 该文件包含不能在当前代码页(936)中表示的字符。请将该文件保存为 Unicode 格式以防止数据丢失
D:\GitHub\LeetCode-master\LeetCodeString\LeetCodeString\443压缩字符串.cpp(29,21): warning C4018: “<=”: 有符号/无符号不匹配
D:\GitHub\LeetCode-master\LeetCodeString\LeetCodeString\443压缩字符串.cpp(26,7): warning C4101: “flag”: 未引用的局部变量
  450删除二叉搜索树中的节点.cpp
D:\GitHub\LeetCode-master\LeetCodeString\LeetCodeString\450删除二叉搜索树中的节点.cpp(1,1): warning C4819: 该文件包含不能在当前代码页(936)中表示的字符。请将该文件保存为 Unicode 格式以防止数据丢失
  451根据字符出现频率排序.cpp
  452用最少数量的箭引爆气球.cpp
D:\GitHub\LeetCode-master\LeetCodeString\LeetCodeString\452用最少数量的箭引爆气球.cpp(37,21): warning C4018: “<”: 有符号/无符号不匹配
D:\GitHub\LeetCode-master\LeetCodeString\LeetCodeString\452用最少数量的箭引爆气球.cpp(59,13): warning C4244: “初始化”: 从“_Ty”转换到“int”，可能丢失数据
D:\GitHub\LeetCode-master\LeetCodeString\LeetCodeString\452用最少数量的箭引爆气球.cpp(59,13): warning C4244:         with
D:\GitHub\LeetCode-master\LeetCodeString\LeetCodeString\452用最少数量的箭引爆气球.cpp(59,13): warning C4244:         [
D:\GitHub\LeetCode-master\LeetCodeString\LeetCodeString\452用最少数量的箭引爆气球.cpp(59,13): warning C4244:             _Ty=int64_t
D:\GitHub\LeetCode-master\LeetCodeString\LeetCodeString\452用最少数量的箭引爆气球.cpp(59,13): warning C4244:         ]
D:\GitHub\LeetCode-master\LeetCodeString\LeetCodeString\452用最少数量的箭引爆气球.cpp(95,21): warning C4018: “<”: 有符号/无符号不匹配
  454四数相加Ⅱ.cpp
  455分发饼干.cpp
D:\GitHub\LeetCode-master\LeetCodeString\LeetCodeString\455分发饼干.cpp(31,21): warning C4018: “<”: 有符号/无符号不匹配
D:\GitHub\LeetCode-master\LeetCodeString\LeetCodeString\455分发饼干.cpp(34,13): warning C4018: “<”: 有符号/无符号不匹配
  459重复的子字符串.cpp
D:\GitHub\LeetCode-master\LeetCodeString\LeetCodeString\459重复的子字符串.cpp(1,1): warning C4819: 该文件包含不能在当前代码页(936)中表示的字符。请将该文件保存为 Unicode 格式以防止数据丢失
  45跳跃游戏Ⅱ.cpp
D:\GitHub\LeetCode-master\LeetCodeString\LeetCodeString\45跳跃游戏Ⅱ.cpp(30,21): warning C4018: “<”: 有符号/无符号不匹配
D:\GitHub\LeetCode-master\LeetCodeString\LeetCodeString\45跳跃游戏Ⅱ.cpp(35,22): warning C4018: “>=”: 有符号/无符号不匹配
  467环绕字符串中唯一的子字符串.cpp
D:\GitHub\LeetCode-master\LeetCodeString\LeetCodeString\467环绕字符串中唯一的子字符串.cpp(30,21): warning C4018: “<”: 有符号/无符号不匹配
D:\GitHub\LeetCode-master\LeetCodeString\LeetCodeString\467环绕字符串中唯一的子字符串.cpp(55,21): warning C4018: “<”: 有符号/无符号不匹配
  46全排列.cpp
D:\GitHub\LeetCode-master\LeetCodeString\LeetCodeString\46全排列.cpp(39,21): warning C4018: “<”: 有符号/无符号不匹配
  474一和零.cpp
D:\GitHub\LeetCode-master\LeetCodeString\LeetCodeString\474一和零.cpp(69,40): warning C4018: “<=”: 有符号/无符号不匹配
D:\GitHub\LeetCode-master\LeetCodeString\LeetCodeString\474一和零.cpp(74,30): warning C4018: “<”: 有符号/无符号不匹配
  47全排列Ⅱ.cpp
D:\GitHub\LeetCode-master\LeetCodeString\LeetCodeString\47全排列Ⅱ.cpp(1,1): warning C4819: 该文件包含不能在当前代码页(936)中表示的字符。请将该文件保存为 Unicode 格式以防止数据丢失
D:\GitHub\LeetCode-master\LeetCodeString\LeetCodeString\47全排列Ⅱ.cpp(38,21): warning C4018: “<”: 有符号/无符号不匹配
  481神奇字符串.cpp
  482密钥格式化.cpp
D:\GitHub\LeetCode-master\LeetCodeString\LeetCodeString\482密钥格式化.cpp(1,1): warning C4819: 该文件包含不能在当前代码页(936)中表示的字符。请将该文件保存为 Unicode 格式以防止数据丢失
  491非递减子序列.cpp
D:\GitHub\LeetCode-master\LeetCodeString\LeetCodeString\491非递减子序列.cpp(35,24): warning C4018: “<”: 有符号/无符号不匹配
D:\GitHub\LeetCode-master\LeetCodeString\LeetCodeString\491非递减子序列.cpp(72,30): warning C4018: “<”: 有符号/无符号不匹配
  494目标和.cpp
D:\GitHub\LeetCode-master\LeetCodeString\LeetCodeString\494目标和.cpp(1,1): warning C4819: 该文件包含不能在当前代码页(936)中表示的字符。请将该文件保存为 Unicode 格式以防止数据丢失
D:\GitHub\LeetCode-master\LeetCodeString\LeetCodeString\494目标和.cpp(18,21): warning C4018: “<”: 有符号/无符号不匹配
D:\GitHub\LeetCode-master\LeetCodeString\LeetCodeString\494目标和.cpp(27,21): warning C4018: “<”: 有符号/无符号不匹配
  49字母的异位词分组.cpp
D:\GitHub\LeetCode-master\LeetCodeString\LeetCodeString\49字母的异位词分组.cpp(60,18): warning C4018: “<”: 有符号/无符号不匹配
D:\GitHub\LeetCode-master\LeetCodeString\LeetCodeString\49字母的异位词分组.cpp(126,20): warning C4018: “<”: 有符号/无符号不匹配
  501二叉搜索树中的众数.cpp
D:\GitHub\LeetCode-master\LeetCodeString\LeetCodeString\501二叉搜索树中的众数.cpp(1,1): warning C4819: 该文件包含不能在当前代码页(936)中表示的字符。请将该文件保存为 Unicode 格式以防止数据丢失
  506相对名次.cpp
D:\GitHub\LeetCode-master\LeetCodeString\LeetCodeString\506相对名次.cpp(1,1): warning C4819: 该文件包含不能在当前代码页(936)中表示的字符。请将该文件保存为 Unicode 格式以防止数据丢失
  正在生成代码...
  正在编译...
  509斐波那契数.cpp
D:\GitHub\LeetCode-master\LeetCodeString\LeetCodeString\509斐波那契数.cpp(1,1): warning C4819: 该文件包含不能在当前代码页(936)中表示的字符。请将该文件保存为 Unicode 格式以防止数据丢失
  513找树左下角的值.cpp
D:\GitHub\LeetCode-master\LeetCodeString\LeetCodeString\513找树左下角的值.cpp(1,1): warning C4819: 该文件包含不能在当前代码页(936)中表示的字符。请将该文件保存为 Unicode 格式以防止数据丢失
D:\GitHub\LeetCode-master\LeetCodeString\LeetCodeString\513找树左下角的值.cpp(40,19): warning C4018: “<”: 有符号/无符号不匹配
  515找二叉树每一行的最大值.cpp
D:\GitHub\LeetCode-master\LeetCodeString\LeetCodeString\515找二叉树每一行的最大值.cpp(1,1): warning C4819: 该文件包含不能在当前代码页(936)中表示的字符。请将该文件保存为 Unicode 格式以防止数据丢失
D:\GitHub\LeetCode-master\LeetCodeString\LeetCodeString\515找二叉树每一行的最大值.cpp(41,19): warning C4018: “<”: 有符号/无符号不匹配
  51N皇后.cpp
D:\GitHub\LeetCode-master\LeetCodeString\LeetCodeString\51N皇后.cpp(57,22): warning C4018: “<”: 有符号/无符号不匹配
D:\GitHub\LeetCode-master\LeetCodeString\LeetCodeString\51N皇后.cpp(115,21): warning C4018: “<”: 有符号/无符号不匹配
D:\GitHub\LeetCode-master\LeetCodeString\LeetCodeString\51N皇后.cpp(117,22): warning C4018: “<”: 有符号/无符号不匹配
D:\GitHub\LeetCode-master\LeetCodeString\LeetCodeString\51N皇后.cpp(206,21): warning C4018: “<”: 有符号/无符号不匹配
D:\GitHub\LeetCode-master\LeetCodeString\LeetCodeString\51N皇后.cpp(208,22): warning C4018: “<”: 有符号/无符号不匹配
  530二叉搜索树的最小绝对差.cpp
D:\GitHub\LeetCode-master\LeetCodeString\LeetCodeString\530二叉搜索树的最小绝对差.cpp(37,27): warning C4018: “<”: 有符号/无符号不匹配
D:\GitHub\LeetCode-master\LeetCodeString\LeetCodeString\530二叉搜索树的最小绝对差.cpp(39,35): warning C4018: “<”: 有符号/无符号不匹配
  535TinyURL的加密与解密.cpp
D:\GitHub\LeetCode-master\LeetCodeString\LeetCodeString\535TinyURL的加密与解密.cpp(33,27): warning C4018: “<”: 有符号/无符号不匹配
D:\GitHub\LeetCode-master\LeetCodeString\LeetCodeString\535TinyURL的加密与解密.cpp(55,27): warning C4018: “<”: 有符号/无符号不匹配
  537复数乘法.cpp
D:\GitHub\LeetCode-master\LeetCodeString\LeetCodeString\537复数乘法.cpp(1,1): warning C4819: 该文件包含不能在当前代码页(936)中表示的字符。请将该文件保存为 Unicode 格式以防止数据丢失
  538把二叉搜索树转换为累加树.cpp
D:\GitHub\LeetCode-master\LeetCodeString\LeetCodeString\538把二叉搜索树转换为累加树.cpp(1,1): warning C4819: 该文件包含不能在当前代码页(936)中表示的字符。请将该文件保存为 Unicode 格式以防止数据丢失
  539最小时间差.cpp
D:\GitHub\LeetCode-master\LeetCodeString\LeetCodeString\539最小时间差.cpp(1,1): warning C4819: 该文件包含不能在当前代码页(936)中表示的字符。请将该文件保存为 Unicode 格式以防止数据丢失
D:\GitHub\LeetCode-master\LeetCodeString\LeetCodeString\539最小时间差.cpp(26,21): warning C4018: “<”: 有符号/无符号不匹配
  53最大子数组和.cpp
D:\GitHub\LeetCode-master\LeetCodeString\LeetCodeString\53最大子数组和.cpp(30,21): warning C4018: “<”: 有符号/无符号不匹配
  541反转字符串2.cpp
D:\GitHub\LeetCode-master\LeetCodeString\LeetCodeString\541反转字符串2.cpp(1,1): warning C4819: 该文件包含不能在当前代码页(936)中表示的字符。请将该文件保存为 Unicode 格式以防止数据丢失
D:\GitHub\LeetCode-master\LeetCodeString\LeetCodeString\541反转字符串2.cpp(29,21): warning C4018: “<”: 有符号/无符号不匹配
D:\GitHub\LeetCode-master\LeetCodeString\LeetCodeString\541反转字符串2.cpp(31,21): warning C4018: “<”: 有符号/无符号不匹配
D:\GitHub\LeetCode-master\LeetCodeString\LeetCodeString\541反转字符串2.cpp(38,27): warning C4018: “>=”: 有符号/无符号不匹配
D:\GitHub\LeetCode-master\LeetCodeString\LeetCodeString\541反转字符串2.cpp(38,50): warning C4018: “<”: 有符号/无符号不匹配
D:\GitHub\LeetCode-master\LeetCodeString\LeetCodeString\541反转字符串2.cpp(44,25): warning C4018: “<”: 有符号/无符号不匹配
  543二叉树的直径.cpp
D:\GitHub\LeetCode-master\LeetCodeString\LeetCodeString\543二叉树的直径.cpp(1,1): warning C4819: 该文件包含不能在当前代码页(936)中表示的字符。请将该文件保存为 Unicode 格式以防止数据丢失
  551学生出勤记录一.cpp
D:\GitHub\LeetCode-master\LeetCodeString\LeetCodeString\551学生出勤记录一.cpp(1,1): warning C4819: 该文件包含不能在当前代码页(936)中表示的字符。请将该文件保存为 Unicode 格式以防止数据丢失
  553最优除法.cpp
D:\GitHub\LeetCode-master\LeetCodeString\LeetCodeString\553最优除法.cpp(1,1): warning C4819: 该文件包含不能在当前代码页(936)中表示的字符。请将该文件保存为 Unicode 格式以防止数据丢失
D:\GitHub\LeetCode-master\LeetCodeString\LeetCodeString\553最优除法.cpp(28,21): warning C4018: “<”: 有符号/无符号不匹配
  557反转字符串中的单词3.cpp
D:\GitHub\LeetCode-master\LeetCodeString\LeetCodeString\557反转字符串中的单词3.cpp(1,1): warning C4819: 该文件包含不能在当前代码页(936)中表示的字符。请将该文件保存为 Unicode 格式以防止数据丢失
  55_k右旋字符串.cpp
D:\GitHub\LeetCode-master\LeetCodeString\LeetCodeString\55_k右旋字符串.cpp(1,1): warning C4819: 该文件包含不能在当前代码页(936)中表示的字符。请将该文件保存为 Unicode 格式以防止数据丢失
D:\GitHub\LeetCode-master\LeetCodeString\LeetCodeString\55_k右旋字符串.cpp(20,16): warning C4018: “<”: 有符号/无符号不匹配
  55跳跃游戏.cpp
D:\GitHub\LeetCode-master\LeetCodeString\LeetCodeString\55跳跃游戏.cpp(40,18): warning C4018: “>=”: 有符号/无符号不匹配
  560和为K的子数组.cpp
D:\GitHub\LeetCode-master\LeetCodeString\LeetCodeString\560和为K的子数组.cpp(34,18): warning C4018: “<=”: 有符号/无符号不匹配
D:\GitHub\LeetCode-master\LeetCodeString\LeetCodeString\560和为K的子数组.cpp(36,22): warning C4018: “<=”: 有符号/无符号不匹配
D:\GitHub\LeetCode-master\LeetCodeString\LeetCodeString\560和为K的子数组.cpp(53,21): warning C4018: “<”: 有符号/无符号不匹配
D:\GitHub\LeetCode-master\LeetCodeString\LeetCodeString\560和为K的子数组.cpp(63,21): warning C4018: “<”: 有符号/无符号不匹配
  56合并区间.cpp
D:\GitHub\LeetCode-master\LeetCodeString\LeetCodeString\56合并区间.cpp(1,1): warning C4819: 该文件包含不能在当前代码页(936)中表示的字符。请将该文件保存为 Unicode 格式以防止数据丢失
D:\GitHub\LeetCode-master\LeetCodeString\LeetCodeString\56合并区间.cpp(30,21): warning C4018: “<”: 有符号/无符号不匹配
  58最后一个单词的长度.cpp
D:\GitHub\LeetCode-master\LeetCodeString\LeetCodeString\58最后一个单词的长度.cpp(1,1): warning C4819: 该文件包含不能在当前代码页(936)中表示的字符。请将该文件保存为 Unicode 格式以防止数据丢失
  正在生成代码...
  正在编译...
  592分数加减运算.cpp
D:\GitHub\LeetCode-master\LeetCodeString\LeetCodeString\592分数加减运算.cpp(34,73): warning C4018: “<”: 有符号/无符号不匹配
D:\GitHub\LeetCode-master\LeetCodeString\LeetCodeString\592分数加减运算.cpp(64,18): warning C4018: “<”: 有符号/无符号不匹配
D:\GitHub\LeetCode-master\LeetCodeString\LeetCodeString\592分数加减运算.cpp(78,21): warning C4018: “<”: 有符号/无符号不匹配
  59螺旋矩阵Ⅱ.cpp
D:\GitHub\LeetCode-master\LeetCodeString\LeetCodeString\59螺旋矩阵Ⅱ.cpp(1,1): warning C4819: 该文件包含不能在当前代码页(936)中表示的字符。请将该文件保存为 Unicode 格式以防止数据丢失
  617合并二叉树.cpp
D:\GitHub\LeetCode-master\LeetCodeString\LeetCodeString\617合并二叉树.cpp(1,1): warning C4819: 该文件包含不能在当前代码页(936)中表示的字符。请将该文件保存为 Unicode 格式以防止数据丢失
  61旋转链表.cpp
D:\GitHub\LeetCode-master\LeetCodeString\LeetCodeString\61旋转链表.cpp(1,1): warning C4819: 该文件包含不能在当前代码页(936)中表示的字符。请将该文件保存为 Unicode 格式以防止数据丢失
  62不同路径.cpp
D:\GitHub\LeetCode-master\LeetCodeString\LeetCodeString\62不同路径.cpp(1,1): warning C4819: 该文件包含不能在当前代码页(936)中表示的字符。请将该文件保存为 Unicode 格式以防止数据丢失
D:\GitHub\LeetCode-master\LeetCodeString\LeetCodeString\62不同路径.cpp(34,10): warning C4244: “return”: 从“double”转换到“int”，可能丢失数据
  637二叉树的层平均值.cpp
D:\GitHub\LeetCode-master\LeetCodeString\LeetCodeString\637二叉树的层平均值.cpp(1,1): warning C4819: 该文件包含不能在当前代码页(936)中表示的字符。请将该文件保存为 Unicode 格式以防止数据丢失
D:\GitHub\LeetCode-master\LeetCodeString\LeetCodeString\637二叉树的层平均值.cpp(33,27): warning C4018: “<”: 有符号/无符号不匹配
D:\GitHub\LeetCode-master\LeetCodeString\LeetCodeString\637二叉树的层平均值.cpp(45,19): warning C4018: “<”: 有符号/无符号不匹配
  63不同路径Ⅱ.cpp
D:\GitHub\LeetCode-master\LeetCodeString\LeetCodeString\63不同路径Ⅱ.cpp(1,1): warning C4819: 该文件包含不能在当前代码页(936)中表示的字符。请将该文件保存为 Unicode 格式以防止数据丢失
  640求解方程.cpp
  653两数之和Ⅳ二叉搜索树.cpp
D:\GitHub\LeetCode-master\LeetCodeString\LeetCodeString\653两数之和Ⅳ二叉搜索树.cpp(1,1): warning C4819: 该文件包含不能在当前代码页(936)中表示的字符。请将该文件保存为 Unicode 格式以防止数据丢失
D:\GitHub\LeetCode-master\LeetCodeString\LeetCodeString\653两数之和Ⅳ二叉搜索树.cpp(37,27): warning C4018: “<”: 有符号/无符号不匹配
D:\GitHub\LeetCode-master\LeetCodeString\LeetCodeString\653两数之和Ⅳ二叉搜索树.cpp(39,35): warning C4018: “<”: 有符号/无符号不匹配
  654最大二叉树.cpp
  657机器人能否返回原点.cpp
D:\GitHub\LeetCode-master\LeetCodeString\LeetCodeString\657机器人能否返回原点.cpp(1,1): warning C4819: 该文件包含不能在当前代码页(936)中表示的字符。请将该文件保存为 Unicode 格式以防止数据丢失
  669修剪二叉搜索树.cpp
D:\GitHub\LeetCode-master\LeetCodeString\LeetCodeString\669修剪二叉搜索树.cpp(1,1): warning C4819: 该文件包含不能在当前代码页(936)中表示的字符。请将该文件保存为 Unicode 格式以防止数据丢失
  66加一.cpp
D:\GitHub\LeetCode-master\LeetCodeString\LeetCodeString\66加一.cpp(1,1): warning C4819: 该文件包含不能在当前代码页(936)中表示的字符。请将该文件保存为 Unicode 格式以防止数据丢失
D:\GitHub\LeetCode-master\LeetCodeString\LeetCodeString\66加一.cpp(25,21): warning C4018: “<”: 有符号/无符号不匹配
  671二叉树中第二小的节点.cpp
D:\GitHub\LeetCode-master\LeetCodeString\LeetCodeString\671二叉树中第二小的节点.cpp(1,1): warning C4819: 该文件包含不能在当前代码页(936)中表示的字符。请将该文件保存为 Unicode 格式以防止数据丢失
D:\GitHub\LeetCode-master\LeetCodeString\LeetCodeString\671二叉树中第二小的节点.cpp(50,23): warning C4018: “<”: 有符号/无符号不匹配
D:\GitHub\LeetCode-master\LeetCodeString\LeetCodeString\671二叉树中第二小的节点.cpp(57,27): warning C4018: “<”: 有符号/无符号不匹配
  67二进制求和.cpp
D:\GitHub\LeetCode-master\LeetCodeString\LeetCodeString\67二进制求和.cpp(1,1): warning C4819: 该文件包含不能在当前代码页(936)中表示的字符。请将该文件保存为 Unicode 格式以防止数据丢失
D:\GitHub\LeetCode-master\LeetCodeString\LeetCodeString\67二进制求和.cpp(26,30): warning C4018: “<”: 有符号/无符号不匹配
  686重复叠加字符串匹配.cpp
D:\GitHub\LeetCode-master\LeetCodeString\LeetCodeString\686重复叠加字符串匹配.cpp(1,1): warning C4819: 该文件包含不能在当前代码页(936)中表示的字符。请将该文件保存为 Unicode 格式以防止数据丢失
  68文本左右对齐.cpp
D:\GitHub\LeetCode-master\LeetCodeString\LeetCodeString\68文本左右对齐.cpp(32,21): warning C4018: “<”: 有符号/无符号不匹配
D:\GitHub\LeetCode-master\LeetCodeString\LeetCodeString\68文本左右对齐.cpp(35,36): warning C4018: “<”: 有符号/无符号不匹配
D:\GitHub\LeetCode-master\LeetCodeString\LeetCodeString\68文本左右对齐.cpp(59,24): warning C4018: “<”: 有符号/无符号不匹配
D:\GitHub\LeetCode-master\LeetCodeString\LeetCodeString\68文本左右对齐.cpp(68,25): warning C4018: “<”: 有符号/无符号不匹配
D:\GitHub\LeetCode-master\LeetCodeString\LeetCodeString\68文本左右对齐.cpp(74,23): warning C4018: “<”: 有符号/无符号不匹配
D:\GitHub\LeetCode-master\LeetCodeString\LeetCodeString\68文本左右对齐.cpp(76,24): warning C4018: “<”: 有符号/无符号不匹配
D:\GitHub\LeetCode-master\LeetCodeString\LeetCodeString\68文本左右对齐.cpp(100,21): warning C4018: “<”: 有符号/无符号不匹配
D:\GitHub\LeetCode-master\LeetCodeString\LeetCodeString\68文本左右对齐.cpp(106,22): warning C4018: “<”: 有符号/无符号不匹配
  696计数二进制子串.cpp
D:\GitHub\LeetCode-master\LeetCodeString\LeetCodeString\696计数二进制子串.cpp(31,17): warning C4018: “<”: 有符号/无符号不匹配
D:\GitHub\LeetCode-master\LeetCodeString\LeetCodeString\696计数二进制子串.cpp(34,26): warning C4018: “<”: 有符号/无符号不匹配
D:\GitHub\LeetCode-master\LeetCodeString\LeetCodeString\696计数二进制子串.cpp(52,20): warning C4018: “<=”: 有符号/无符号不匹配
D:\GitHub\LeetCode-master\LeetCodeString\LeetCodeString\696计数二进制子串.cpp(55,22): warning C4018: “<=”: 有符号/无符号不匹配
D:\GitHub\LeetCode-master\LeetCodeString\LeetCodeString\696计数二进制子串.cpp(119,21): warning C4018: “<”: 有符号/无符号不匹配
  69x的平方根.cpp
D:\GitHub\LeetCode-master\LeetCodeString\LeetCodeString\69x的平方根.cpp(1,1): warning C4819: 该文件包含不能在当前代码页(936)中表示的字符。请将该文件保存为 Unicode 格式以防止数据丢失
D:\GitHub\LeetCode-master\LeetCodeString\LeetCodeString\69x的平方根.cpp(18,13): warning C4244: “return”: 从“double”转换到“int”，可能丢失数据
  6N字形变换.cpp
D:\GitHub\LeetCode-master\LeetCodeString\LeetCodeString\6N字形变换.cpp(1,1): warning C4819: 该文件包含不能在当前代码页(936)中表示的字符。请将该文件保存为 Unicode 格式以防止数据丢失
D:\GitHub\LeetCode-master\LeetCodeString\LeetCodeString\6N字形变换.cpp(35,21): warning C4018: “<”: 有符号/无符号不匹配
  正在生成代码...
  正在编译...
  700二叉搜索树中的搜索.cpp
D:\GitHub\LeetCode-master\LeetCodeString\LeetCodeString\700二叉搜索树中的搜索.cpp(1,1): warning C4819: 该文件包含不能在当前代码页(936)中表示的字符。请将该文件保存为 Unicode 格式以防止数据丢失
  701二叉搜索树中的插入操作.cpp
D:\GitHub\LeetCode-master\LeetCodeString\LeetCodeString\701二叉搜索树中的插入操作.cpp(1,1): warning C4819: 该文件包含不能在当前代码页(936)中表示的字符。请将该文件保存为 Unicode 格式以防止数据丢失
  704二分查找.cpp
D:\GitHub\LeetCode-master\LeetCodeString\LeetCodeString\704二分查找.cpp(1,1): warning C4819: 该文件包含不能在当前代码页(936)中表示的字符。请将该文件保存为 Unicode 格式以防止数据丢失
  707设计链表.cpp
D:\GitHub\LeetCode-master\LeetCodeString\LeetCodeString\707设计链表.cpp(1,1): warning C4819: 该文件包含不能在当前代码页(936)中表示的字符。请将该文件保存为 Unicode 格式以防止数据丢失
  70爬楼梯.cpp
D:\GitHub\LeetCode-master\LeetCodeString\LeetCodeString\70爬楼梯.cpp(1,1): warning C4819: 该文件包含不能在当前代码页(936)中表示的字符。请将该文件保存为 Unicode 格式以防止数据丢失
  738单调递增的数字.cpp
D:\GitHub\LeetCode-master\LeetCodeString\LeetCodeString\738单调递增的数字.cpp(34,21): warning C4018: “<”: 有符号/无符号不匹配
D:\GitHub\LeetCode-master\LeetCodeString\LeetCodeString\738单调递增的数字.cpp(50,21): warning C4018: “<”: 有符号/无符号不匹配
  73矩阵置零.cpp
D:\GitHub\LeetCode-master\LeetCodeString\LeetCodeString\73矩阵置零.cpp(1,1): warning C4819: 该文件包含不能在当前代码页(936)中表示的字符。请将该文件保存为 Unicode 格式以防止数据丢失
D:\GitHub\LeetCode-master\LeetCodeString\LeetCodeString\73矩阵置零.cpp(19,21): warning C4018: “<”: 有符号/无符号不匹配
D:\GitHub\LeetCode-master\LeetCodeString\LeetCodeString\73矩阵置零.cpp(21,22): warning C4018: “<”: 有符号/无符号不匹配
D:\GitHub\LeetCode-master\LeetCodeString\LeetCodeString\73矩阵置零.cpp(30,22): warning C4018: “<”: 有符号/无符号不匹配
D:\GitHub\LeetCode-master\LeetCodeString\LeetCodeString\73矩阵置零.cpp(35,22): warning C4018: “<”: 有符号/无符号不匹配
  746使用最小花费爬楼梯.cpp
D:\GitHub\LeetCode-master\LeetCodeString\LeetCodeString\746使用最小花费爬楼梯.cpp(1,1): warning C4819: 该文件包含不能在当前代码页(936)中表示的字符。请将该文件保存为 Unicode 格式以防止数据丢失
D:\GitHub\LeetCode-master\LeetCodeString\LeetCodeString\746使用最小花费爬楼梯.cpp(22,21): warning C4018: “<=”: 有符号/无符号不匹配
  74搜索二维矩阵.cpp
D:\GitHub\LeetCode-master\LeetCodeString\LeetCodeString\74搜索二维矩阵.cpp(1,1): warning C4819: 该文件包含不能在当前代码页(936)中表示的字符。请将该文件保存为 Unicode 格式以防止数据丢失
D:\GitHub\LeetCode-master\LeetCodeString\LeetCodeString\74搜索二维矩阵.cpp(24,18): warning C4018: “<”: 有符号/无符号不匹配
  763划分字母区间.cpp
D:\GitHub\LeetCode-master\LeetCodeString\LeetCodeString\763划分字母区间.cpp(27,21): warning C4018: “<”: 有符号/无符号不匹配
D:\GitHub\LeetCode-master\LeetCodeString\LeetCodeString\763划分字母区间.cpp(34,21): warning C4018: “<”: 有符号/无符号不匹配
  77组合.cpp
D:\GitHub\LeetCode-master\LeetCodeString\LeetCodeString\77组合.cpp(1,1): warning C4819: 该文件包含不能在当前代码页(936)中表示的字符。请将该文件保存为 Unicode 格式以防止数据丢失
  78子集.cpp
D:\GitHub\LeetCode-master\LeetCodeString\LeetCodeString\78子集.cpp(1,1): warning C4819: 该文件包含不能在当前代码页(936)中表示的字符。请将该文件保存为 Unicode 格式以防止数据丢失
D:\GitHub\LeetCode-master\LeetCodeString\LeetCodeString\78子集.cpp(31,29): warning C4018: “<”: 有符号/无符号不匹配
  79单词搜索.cpp
D:\GitHub\LeetCode-master\LeetCodeString\LeetCodeString\79单词搜索.cpp(24,21): warning C4018: “<”: 有符号/无符号不匹配
D:\GitHub\LeetCode-master\LeetCodeString\LeetCodeString\79单词搜索.cpp(26,22): warning C4018: “<”: 有符号/无符号不匹配
D:\GitHub\LeetCode-master\LeetCodeString\LeetCodeString\79单词搜索.cpp(56,16): warning C4018: “<”: 有符号/无符号不匹配
D:\GitHub\LeetCode-master\LeetCodeString\LeetCodeString\79单词搜索.cpp(64,16): warning C4018: “<”: 有符号/无符号不匹配
  83删除排序链表中的重复元素.cpp
D:\GitHub\LeetCode-master\LeetCodeString\LeetCodeString\83删除排序链表中的重复元素.cpp(1,1): warning C4819: 该文件包含不能在当前代码页(936)中表示的字符。请将该文件保存为 Unicode 格式以防止数据丢失
  860柠檬水找零.cpp
D:\GitHub\LeetCode-master\LeetCodeString\LeetCodeString\860柠檬水找零.cpp(1,1): warning C4819: 该文件包含不能在当前代码页(936)中表示的字符。请将该文件保存为 Unicode 格式以防止数据丢失
  88合并两个有序数组.cpp
D:\GitHub\LeetCode-master\LeetCodeString\LeetCodeString\88合并两个有序数组.cpp(1,1): warning C4819: 该文件包含不能在当前代码页(936)中表示的字符。请将该文件保存为 Unicode 格式以防止数据丢失
  8字符串转整数(atoi).cpp
D:\GitHub\LeetCode-master\LeetCodeString\LeetCodeString\8字符串转整数(atoi).cpp(29,21): warning C4018: “<”: 有符号/无符号不匹配
D:\GitHub\LeetCode-master\LeetCodeString\LeetCodeString\8字符串转整数(atoi).cpp(45,21): warning C4018: “<”: 有符号/无符号不匹配
D:\GitHub\LeetCode-master\LeetCodeString\LeetCodeString\8字符串转整数(atoi).cpp(65,12): warning C4018: “<”: 有符号/无符号不匹配
D:\GitHub\LeetCode-master\LeetCodeString\LeetCodeString\8字符串转整数(atoi).cpp(69,12): warning C4018: “<”: 有符号/无符号不匹配
D:\GitHub\LeetCode-master\LeetCodeString\LeetCodeString\8字符串转整数(atoi).cpp(99,12): warning C4018: “<”: 有符号/无符号不匹配
D:\GitHub\LeetCode-master\LeetCodeString\LeetCodeString\8字符串转整数(atoi).cpp(102,22): warning C4018: “<”: 有符号/无符号不匹配
D:\GitHub\LeetCode-master\LeetCodeString\LeetCodeString\8字符串转整数(atoi).cpp(163,25): warning C4244: “return”: 从“__int64”转换到“int”，可能丢失数据
  90子集Ⅱ.cpp
D:\GitHub\LeetCode-master\LeetCodeString\LeetCodeString\90子集Ⅱ.cpp(33,29): warning C4018: “<”: 有符号/无符号不匹配
D:\GitHub\LeetCode-master\LeetCodeString\LeetCodeString\90子集Ⅱ.cpp(39,15): warning C4018: “<”: 有符号/无符号不匹配
D:\GitHub\LeetCode-master\LeetCodeString\LeetCodeString\90子集Ⅱ.cpp(58,30): warning C4018: “<”: 有符号/无符号不匹配
  92反转链表Ⅱ.cpp
D:\GitHub\LeetCode-master\LeetCodeString\LeetCodeString\92反转链表Ⅱ.cpp(1,1): warning C4819: 该文件包含不能在当前代码页(936)中表示的字符。请将该文件保存为 Unicode 格式以防止数据丢失
  93复原IP地址.cpp
D:\GitHub\LeetCode-master\LeetCodeString\LeetCodeString\93复原IP地址.cpp(55,29): warning C4018: “<”: 有符号/无符号不匹配
D:\GitHub\LeetCode-master\LeetCodeString\LeetCodeString\93复原IP地址.cpp(72,21): warning C4018: “<”: 有符号/无符号不匹配
  正在生成代码...
  正在编译...
  94二叉树中序遍历.cpp
D:\GitHub\LeetCode-master\LeetCodeString\LeetCodeString\94二叉树中序遍历.cpp(1,1): warning C4819: 该文件包含不能在当前代码页(936)中表示的字符。请将该文件保存为 Unicode 格式以防止数据丢失
  968监控二叉树.cpp
D:\GitHub\LeetCode-master\LeetCodeString\LeetCodeString\968监控二叉树.cpp(1,1): warning C4819: 该文件包含不能在当前代码页(936)中表示的字符。请将该文件保存为 Unicode 格式以防止数据丢失
  96不同的二叉搜索树.cpp
  977有序数组的平方.cpp
D:\GitHub\LeetCode-master\LeetCodeString\LeetCodeString\977有序数组的平方.cpp(1,1): warning C4819: 该文件包含不能在当前代码页(936)中表示的字符。请将该文件保存为 Unicode 格式以防止数据丢失
D:\GitHub\LeetCode-master\LeetCodeString\LeetCodeString\977有序数组的平方.cpp(19,21): warning C4018: “<”: 有符号/无符号不匹配
D:\GitHub\LeetCode-master\LeetCodeString\LeetCodeString\977有序数组的平方.cpp(21,17): warning C4244: “=”: 从“double”转换到“_Ty”，可能丢失数据
D:\GitHub\LeetCode-master\LeetCodeString\LeetCodeString\977有序数组的平方.cpp(21,17): warning C4244:         with
D:\GitHub\LeetCode-master\LeetCodeString\LeetCodeString\977有序数组的平方.cpp(21,17): warning C4244:         [
D:\GitHub\LeetCode-master\LeetCodeString\LeetCodeString\977有序数组的平方.cpp(21,17): warning C4244:             _Ty=int
D:\GitHub\LeetCode-master\LeetCodeString\LeetCodeString\977有序数组的平方.cpp(21,17): warning C4244:         ]
  98验证二叉搜索树.cpp
D:\GitHub\LeetCode-master\LeetCodeString\LeetCodeString\98验证二叉搜索树.cpp(1,1): warning C4819: 该文件包含不能在当前代码页(936)中表示的字符。请将该文件保存为 Unicode 格式以防止数据丢失
  lq_2101_空间.cpp
D:\GitHub\LeetCode-master\LeetCodeString\LeetCodeString\lq_2101_空间.cpp(1,1): warning C4819: 该文件包含不能在当前代码页(936)中表示的字符。请将该文件保存为 Unicode 格式以防止数据丢失
D:\GitHub\LeetCode-master\LeetCodeString\LeetCodeString\lq_2101_空间.cpp(14,30): warning C4307: “*”: 有符号整型常量溢出
  lq_2102_卡片.cpp
D:\GitHub\LeetCode-master\LeetCodeString\LeetCodeString\lq_2102_卡片.cpp(1,1): warning C4819: 该文件包含不能在当前代码页(936)中表示的字符。请将该文件保存为 Unicode 格式以防止数据丢失
  lq_2103_直线.cpp
D:\GitHub\LeetCode-master\LeetCodeString\LeetCodeString\lq_2103_直线.cpp(29,20): warning C4018: “<”: 有符号/无符号不匹配
D:\GitHub\LeetCode-master\LeetCodeString\LeetCodeString\lq_2103_直线.cpp(31,25): warning C4018: “<”: 有符号/无符号不匹配
D:\GitHub\LeetCode-master\LeetCodeString\LeetCodeString\lq_2103_直线.cpp(33,17): warning C4244: “初始化”: 从“double”转换到“float”，可能丢失数据
D:\GitHub\LeetCode-master\LeetCodeString\LeetCodeString\lq_2103_直线.cpp(34,17): warning C4244: “初始化”: 从“double”转换到“float”，可能丢失数据
D:\GitHub\LeetCode-master\LeetCodeString\LeetCodeString\lq_2103_直线.cpp(40,18): warning C4244: “=”: 从“_Ty2”转换到“float”，可能丢失数据
D:\GitHub\LeetCode-master\LeetCodeString\LeetCodeString\lq_2103_直线.cpp(40,18): warning C4244:         with
D:\GitHub\LeetCode-master\LeetCodeString\LeetCodeString\lq_2103_直线.cpp(40,18): warning C4244:         [
D:\GitHub\LeetCode-master\LeetCodeString\LeetCodeString\lq_2103_直线.cpp(40,18): warning C4244:             _Ty2=int
D:\GitHub\LeetCode-master\LeetCodeString\LeetCodeString\lq_2103_直线.cpp(40,18): warning C4244:         ]
D:\GitHub\LeetCode-master\LeetCodeString\LeetCodeString\lq_2103_直线.cpp(45,18): warning C4244: “=”: 从“_Ty1”转换到“float”，可能丢失数据
D:\GitHub\LeetCode-master\LeetCodeString\LeetCodeString\lq_2103_直线.cpp(45,18): warning C4244:         with
D:\GitHub\LeetCode-master\LeetCodeString\LeetCodeString\lq_2103_直线.cpp(45,18): warning C4244:         [
D:\GitHub\LeetCode-master\LeetCodeString\LeetCodeString\lq_2103_直线.cpp(45,18): warning C4244:             _Ty1=int
D:\GitHub\LeetCode-master\LeetCodeString\LeetCodeString\lq_2103_直线.cpp(45,18): warning C4244:         ]
D:\GitHub\LeetCode-master\LeetCodeString\LeetCodeString\lq_2103_直线.cpp(55,19): warning C4018: “<”: 有符号/无符号不匹配
  lq_2104_货物摆放.cpp
  lq_2105_路径.cpp
  lq_2106_时间显示.cpp
  lq_2107_砝码称重.cpp
D:\GitHub\LeetCode-master\LeetCodeString\LeetCodeString\lq_2107_砝码称重.cpp(1,1): warning C4819: 该文件包含不能在当前代码页(936)中表示的字符。请将该文件保存为 Unicode 格式以防止数据丢失
  lq_2108_杨辉三角.cpp
  lq_2109_双向排序.cpp
  lq_2110_括号序列.cpp
D:\GitHub\LeetCode-master\LeetCodeString\LeetCodeString\lq_2110_括号序列.cpp(1,1): warning C4819: 该文件包含不能在当前代码页(936)中表示的字符。请将该文件保存为 Unicode 格式以防止数据丢失
  lq_2201_九进制转十进制.cpp
D:\GitHub\LeetCode-master\LeetCodeString\LeetCodeString\lq_2201_九进制转十进制.cpp(1,1): warning C4819: 该文件包含不能在当前代码页(936)中表示的字符。请将该文件保存为 Unicode 格式以防止数据丢失
D:\GitHub\LeetCode-master\LeetCodeString\LeetCodeString\lq_2201_九进制转十进制.cpp(16,20): warning C4018: “<”: 有符号/无符号不匹配
D:\GitHub\LeetCode-master\LeetCodeString\LeetCodeString\lq_2201_九进制转十进制.cpp(18,23): warning C4244: “+=”: 从“double”转换到“int”，可能丢失数据
  lq_2202_顺子日期.cpp
  lq_2203_刷题统计.cpp
D:\GitHub\LeetCode-master\LeetCodeString\LeetCodeString\lq_2203_刷题统计.cpp(1,1): warning C4819: 该文件包含不能在当前代码页(936)中表示的字符。请将该文件保存为 Unicode 格式以防止数据丢失
  lq_2204_修建灌木.cpp
D:\GitHub\LeetCode-master\LeetCodeString\LeetCodeString\lq_2204_修建灌木.cpp(1,1): warning C4819: 该文件包含不能在当前代码页(936)中表示的字符。请将该文件保存为 Unicode 格式以防止数据丢失
  lq_2205_X进制减法.cpp
D:\GitHub\LeetCode-master\LeetCodeString\LeetCodeString\lq_2205_X进制减法.cpp(44,18): warning C4018: “<”: 有符号/无符号不匹配
D:\GitHub\LeetCode-master\LeetCodeString\LeetCodeString\lq_2205_X进制减法.cpp(46,21): warning C4018: “<”: 有符号/无符号不匹配
D:\GitHub\LeetCode-master\LeetCodeString\LeetCodeString\lq_2205_X进制减法.cpp(51,18): warning C4018: “<”: 有符号/无符号不匹配
D:\GitHub\LeetCode-master\LeetCodeString\LeetCodeString\lq_2205_X进制减法.cpp(53,21): warning C4018: “<”: 有符号/无符号不匹配
D:\GitHub\LeetCode-master\LeetCodeString\LeetCodeString\lq_2205_X进制减法.cpp(74,16): warning C4244: “+=”: 从“double”转换到“__int64”，可能丢失数据
D:\GitHub\LeetCode-master\LeetCodeString\LeetCodeString\lq_2205_X进制减法.cpp(75,16): warning C4244: “+=”: 从“double”转换到“__int64”，可能丢失数据
  正在生成代码...
  正在编译...
  lq_2206_统计子矩阵.cpp
D:\GitHub\LeetCode-master\LeetCodeString\LeetCodeString\lq_2206_统计子矩阵.cpp(1,1): warning C4819: 该文件包含不能在当前代码页(936)中表示的字符。请将该文件保存为 Unicode 格式以防止数据丢失
  lq_2207_积木画.cpp
D:\GitHub\LeetCode-master\LeetCodeString\LeetCodeString\lq_2207_积木画.cpp(1,1): warning C4819: 该文件包含不能在当前代码页(936)中表示的字符。请将该文件保存为 Unicode 格式以防止数据丢失
  lq_2208_扫雷.cpp
D:\GitHub\LeetCode-master\LeetCodeString\LeetCodeString\lq_2208_扫雷.cpp(1,1): warning C4819: 该文件包含不能在当前代码页(936)中表示的字符。请将该文件保存为 Unicode 格式以防止数据丢失
  lq_2209_李白打酒加强版.cpp
D:\GitHub\LeetCode-master\LeetCodeString\LeetCodeString\lq_2209_李白打酒加强版.cpp(1,1): warning C4819: 该文件包含不能在当前代码页(936)中表示的字符。请将该文件保存为 Unicode 格式以防止数据丢失
  lq_2210_砍竹子.cpp
D:\GitHub\LeetCode-master\LeetCodeString\LeetCodeString\lq_2210_砍竹子.cpp(33,19): warning C4244: “初始化”: 从“double”转换到“int”，可能丢失数据
  lq_2303_冶炼金属.cpp
D:\GitHub\LeetCode-master\LeetCodeString\LeetCodeString\lq_2303_冶炼金属.cpp(50,20): warning C4018: “<”: 有符号/无符号不匹配
  lq_2301_日期统计.cpp
D:\GitHub\LeetCode-master\LeetCodeString\LeetCodeString\lq_2301_日期统计.cpp(66,22): warning C4018: “<”: 有符号/无符号不匹配
  lq_2302_01串的熵.cpp
  lq_2304_飞机降落.cpp
D:\GitHub\LeetCode-master\LeetCodeString\LeetCodeString\lq_2304_飞机降落.cpp(45,20): warning C4018: “<”: 有符号/无符号不匹配
  lq_2305_接龙数列.cpp
D:\GitHub\LeetCode-master\LeetCodeString\LeetCodeString\lq_2305_接龙数列.cpp(1,1): warning C4819: 该文件包含不能在当前代码页(936)中表示的字符。请将该文件保存为 Unicode 格式以防止数据丢失
  lq_2306_岛屿个数.cpp
D:\GitHub\LeetCode-master\LeetCodeString\LeetCodeString\lq_2306_岛屿个数.cpp(1,1): warning C4819: 该文件包含不能在当前代码页(936)中表示的字符。请将该文件保存为 Unicode 格式以防止数据丢失
  lq_2307_子串简写.cpp
D:\GitHub\LeetCode-master\LeetCodeString\LeetCodeString\lq_2307_子串简写.cpp(1,1): warning C4819: 该文件包含不能在当前代码页(936)中表示的字符。请将该文件保存为 Unicode 格式以防止数据丢失
D:\GitHub\LeetCode-master\LeetCodeString\LeetCodeString\lq_2307_子串简写.cpp(39,20): warning C4018: “<”: 有符号/无符号不匹配
D:\GitHub\LeetCode-master\LeetCodeString\LeetCodeString\lq_2307_子串简写.cpp(43,30): warning C4018: “<”: 有符号/无符号不匹配
  lq_2308_整数删除.cpp
  lq_2309_景区导游.cpp
D:\GitHub\LeetCode-master\LeetCodeString\LeetCodeString\lq_2309_景区导游.cpp(61,20): warning C4018: “<”: 有符号/无符号不匹配
D:\GitHub\LeetCode-master\LeetCodeString\LeetCodeString\lq_2309_景区导游.cpp(66,21): warning C4018: “<”: 有符号/无符号不匹配
  lq_2310_砍树.cpp
D:\GitHub\LeetCode-master\LeetCodeString\LeetCodeString\lq_2310_砍树.cpp(1,1): warning C4819: 该文件包含不能在当前代码页(936)中表示的字符。请将该文件保存为 Unicode 格式以防止数据丢失
  两个数组的交集.cpp
  二分查找.cpp
  二叉搜索树中的插入操作.cpp
  二叉树的层序遍历.cpp
D:\GitHub\LeetCode-master\LeetCodeString\LeetCodeString\二叉树的层序遍历.cpp(28,19): warning C4018: “<”: 有符号/无符号不匹配
  二叉树的最大深度.cpp
  正在生成代码...
  正在编译...
  前K个高频元素.cpp
D:\GitHub\LeetCode-master\LeetCodeString\LeetCodeString\前K个高频元素.cpp(1,1): warning C4819: 该文件包含不能在当前代码页(936)中表示的字符。请将该文件保存为 Unicode 格式以防止数据丢失
  反转字符串中的单词.cpp
  反转链表.cpp
  对称二叉树.cpp
  有效字母的异位串.cpp
  移除链表元素.cpp
  米哈游_01_米小游和蹦蹦史莱姆.cpp
D:\GitHub\LeetCode-master\LeetCodeString\LeetCodeString\米哈游_01_米小游和蹦蹦史莱姆.cpp(1,1): warning C4819: 该文件包含不能在当前代码页(936)中表示的字符。请将该文件保存为 Unicode 格式以防止数据丢失
  米哈游_02_米小游与一番赏.cpp
D:\GitHub\LeetCode-master\LeetCodeString\LeetCodeString\米哈游_02_米小游与一番赏.cpp(1,1): warning C4819: 该文件包含不能在当前代码页(936)中表示的字符。请将该文件保存为 Unicode 格式以防止数据丢失
  米哈游_03_米小游与建木.cpp
D:\GitHub\LeetCode-master\LeetCodeString\LeetCodeString\米哈游_03_米小游与建木.cpp(34,2): warning C4834: 放弃具有 [[nodiscard]] 属性的函数的返回值
C:\Program Files\Microsoft Visual Studio\2022\Community\VC\Tools\MSVC\14.39.33519\include\xutility(5803,21): error C2446: “==”: 没有从“const _Ty”到“std::pair<int,int>”的转换
C:\Program Files\Microsoft Visual Studio\2022\Community\VC\Tools\MSVC\14.39.33519\include\xutility(5803,21): error C2446:         with
C:\Program Files\Microsoft Visual Studio\2022\Community\VC\Tools\MSVC\14.39.33519\include\xutility(5803,21): error C2446:         [
C:\Program Files\Microsoft Visual Studio\2022\Community\VC\Tools\MSVC\14.39.33519\include\xutility(5803,21): error C2446:             _Ty=BuildTree::<lambda_1>
C:\Program Files\Microsoft Visual Studio\2022\Community\VC\Tools\MSVC\14.39.33519\include\xutility(5803,21): error C2446:         ]
  组合.cpp
  (编译源文件“米哈游_03_米小游与建木.cpp”)
  C:\Program Files\Microsoft Visual Studio\2022\Community\VC\Tools\MSVC\14.39.33519\include\xutility(5803,24):
  没有可用于执行该转换的用户定义的转换运算符，或者无法调用该运算符
  C:\Program Files\Microsoft Visual Studio\2022\Community\VC\Tools\MSVC\14.39.33519\include\xutility(5803,21):
  模板实例化上下文(最早的实例化上下文)为
  	D:\GitHub\LeetCode-master\LeetCodeString\LeetCodeString\米哈游_03_米小游与建木.cpp(34,2):
  	查看对正在编译的函数 模板 实例化“_InIt std::find<std::_Vector_iterator<std::_Vector_val<std::_Simple_types<_Ty>>>,BuildTree::<lambda_1>>(_InIt,const _InIt,const BuildTree::<lambda_1> &)”的引用
          with
          [
              _InIt=std::_Vector_iterator<std::_Vector_val<std::_Simple_types<std::pair<int,int>>>>,
              _Ty=std::pair<int,int>
          ]
  	C:\Program Files\Microsoft Visual Studio\2022\Community\VC\Tools\MSVC\14.39.33519\include\xutility(5817,36):
  	查看对正在编译的函数 模板 实例化“_InIt std::_Find_unchecked<std::pair<int,int>*,_Ty>(_InIt,const _InIt,const _Ty &)”的引用
          with
          [
              _InIt=std::pair<int,int> *,
              _Ty=BuildTree::<lambda_1>
          ]
  
  翻转二叉树.cpp
D:\GitHub\LeetCode-master\LeetCodeString\LeetCodeString\翻转二叉树.cpp(1,1): warning C4819: 该文件包含不能在当前代码页(936)中表示的字符。请将该文件保存为 Unicode 格式以防止数据丢失
  螺旋矩阵Ⅱ.cpp
  面试题 02.07链表相交.cpp
D:\GitHub\LeetCode-master\LeetCodeString\LeetCodeString\面试题 02.07链表相交.cpp(1,1): warning C4819: 该文件包含不能在当前代码页(936)中表示的字符。请将该文件保存为 Unicode 格式以防止数据丢失
  正在生成代码...
